app/build/intermediates/manifest_merge_blame_file/debug/manifest-merger-blame-debug-report.txt
1<?xml version="1.0" encoding="utf-8"?>
2<manifest xmlns:android="http://schemas.android.com/apk/res/android"
3    package="com.nusantara.id"
4    android:versionCode="1"
5    android:versionName="1.0.0" >
6
7    <uses-sdk
8        android:minSdkVersion="21"
9        android:targetSdkVersion="33" />
10
11    <!-- - Permissions -->
12
13    <uses-permission android:name="android.permission.INTERNET" />
13-->src\main\AndroidManifest.xml:7:2-63
13-->src\main\AndroidManifest.xml:7:19-61
14    <uses-permission android:name="android.permission.ACCESS_NETWORK_STATE" />
14-->src\main\AndroidManifest.xml:8:2-75
14-->src\main\AndroidManifest.xml:8:19-73
15    <uses-permission android:name="android.permission.ACCESS_WIFI_STATE" />
15-->src\main\AndroidManifest.xml:9:2-72
15-->src\main\AndroidManifest.xml:9:19-70
16    <uses-permission android:name="android.permission.POST_NOTIFICATIONS" />
16-->src\main\AndroidManifest.xml:10:2-74
16-->src\main\AndroidManifest.xml:10:19-71
17    <uses-permission android:name="android.permission.WRITE_SETTINGS" />
17-->src\main\AndroidManifest.xml:11:2-70
17-->src\main\AndroidManifest.xml:11:19-67
18    <uses-permission android:name="android.permission.READ_EXTERNAL_STORAGE" />
18-->src\main\AndroidManifest.xml:12:5-79
18-->src\main\AndroidManifest.xml:12:22-77
19    <uses-permission android:name="android.permission.WRITE_EXTERNAL_STORAGE" />
19-->src\main\AndroidManifest.xml:13:5-80
19-->src\main\AndroidManifest.xml:13:22-78
20    <uses-permission android:name="android.permission.MANAGE_EXTERNAL_STORAGE" />
20-->src\main\AndroidManifest.xml:14:5-81
20-->src\main\AndroidManifest.xml:14:22-79
21    <uses-permission android:name="android.permission.FOREGROUND_SERVICE" />
21-->src\main\AndroidManifest.xml:15:2-73
21-->src\main\AndroidManifest.xml:15:19-71
22    <uses-permission android:name="android.permission.MODIFY_SYSTEM_SETTINGS" />
22-->src\main\AndroidManifest.xml:16:2-77
22-->src\main\AndroidManifest.xml:16:19-75
23    <uses-permission android:name="android.permission.VIBRATE" />
23-->src\main\AndroidManifest.xml:17:5-65
23-->src\main\AndroidManifest.xml:17:22-63
24    <uses-permission android:name="android.permission.WAKE_LOCK" />
24-->src\main\AndroidManifest.xml:18:5-68
24-->src\main\AndroidManifest.xml:18:22-65
25
26    <!-- - Application -->
27    <application
27-->src\main\AndroidManifest.xml:22:5-128:19
28        android:name="com.nusantara.id.NusantaraApp"
28-->src\main\AndroidManifest.xml:23:3-47
29        android:allowBackup="true"
29-->src\main\AndroidManifest.xml:24:3-29
30        android:appComponentFactory="androidx.core.app.CoreComponentFactory"
30-->[androidx.core:core:1.7.0] AndroidManifest.xml:24:18-86
31        android:debuggable="true"
32        android:extractNativeLibs="true"
33        android:icon="@drawable/nusantara"
33-->src\main\AndroidManifest.xml:25:9-43
34        android:label="@string/app_name"
34-->src\main\AndroidManifest.xml:26:9-41
35        android:requestLegacyExternalStorage="true"
35-->src\main\AndroidManifest.xml:28:3-46
36        android:resizeableActivity="true"
36-->src\main\AndroidManifest.xml:30:3-36
37        android:theme="@style/AppTheme"
37-->src\main\AndroidManifest.xml:27:9-40
38        android:usesCleartextTraffic="true" >
38-->src\main\AndroidManifest.xml:29:3-38
39
40        <!-- - Activities -->
41
42        <activity
42-->src\main\AndroidManifest.xml:35:3-43:20
43            android:name="com.nusantara.id.LauncherActivity"
43-->src\main\AndroidManifest.xml:35:13-61
44            android:exported="true"
44-->src\main\AndroidManifest.xml:37:13-36
45            android:label="@string/app_name"
45-->src\main\AndroidManifest.xml:38:13-45
46            android:theme="@style/SplashScreenTheme" >
46-->src\main\AndroidManifest.xml:36:13-53
47            <intent-filter>
47-->src\main\AndroidManifest.xml:39:13-42:29
48                <action android:name="android.intent.action.MAIN" />
48-->src\main\AndroidManifest.xml:40:17-68
48-->src\main\AndroidManifest.xml:40:25-66
49
50                <category android:name="android.intent.category.LAUNCHER" />
50-->src\main\AndroidManifest.xml:41:17-76
50-->src\main\AndroidManifest.xml:41:27-74
51            </intent-filter>
52        </activity>
53        <activity
53-->src\main\AndroidManifest.xml:45:3-47:39
54            android:name="com.nusantara.id.NusantaraActivity"
54-->src\main\AndroidManifest.xml:45:13-62
55            android:exported="true"
55-->src\main\AndroidManifest.xml:47:13-36
56            android:label="@string/app_name" />
56-->src\main\AndroidManifest.xml:46:4-36
57        <activity
57-->src\main\AndroidManifest.xml:48:3-49:34
58            android:name="com.nusantara.id.CoinsActivity"
58-->src\main\AndroidManifest.xml:48:13-58
59            android:label="Coin Manager" />
59-->src\main\AndroidManifest.xml:49:4-32
60        <activity
60-->src\main\AndroidManifest.xml:50:3-52:47
61            android:name="com.nusantara.id.activities.ConfigGeralActivity"
61-->src\main\AndroidManifest.xml:50:13-75
62            android:label="@string/settings"
62-->src\main\AndroidManifest.xml:52:13-45
63            android:parentActivityName="com.nusantara.id.NusantaraActivity" />
63-->src\main\AndroidManifest.xml:51:4-51
64
65        <service android:name="com.nusantara.id.model.KeepAliveService" />
65-->src\main\AndroidManifest.xml:55:9-74
65-->src\main\AndroidManifest.xml:55:18-72
66
67        <activity
67-->src\main\AndroidManifest.xml:58:3-60:44
68            android:name="com.nusantara.id.activities.AboutActivity"
68-->src\main\AndroidManifest.xml:58:13-69
69            android:label="@string/about"
69-->src\main\AndroidManifest.xml:60:13-42
70            android:parentActivityName="com.nusantara.id.NusantaraActivity" />
70-->src\main\AndroidManifest.xml:59:4-51
71        <activity
71-->src\main\AndroidManifest.xml:62:3-74:20
72            android:name="com.nusantara.xyz.LaunchVpn"
72-->src\main\AndroidManifest.xml:62:13-55
73            android:autoRemoveFromRecents="true"
73-->src\main\AndroidManifest.xml:63:4-40
74            android:excludeFromRecents="true"
74-->src\main\AndroidManifest.xml:64:13-46
75            android:exported="false"
75-->src\main\AndroidManifest.xml:65:13-37
76            android:label="@string/app_name"
76-->src\main\AndroidManifest.xml:68:4-36
77            android:taskAffinity=".LaunchVPN"
77-->src\main\AndroidManifest.xml:66:13-46
78            android:theme="@style/AppThemeLogin" >
78-->src\main\AndroidManifest.xml:67:4-40
79            <intent-filter>
79-->src\main\AndroidManifest.xml:69:4-73:29
80                <action android:name="android.intent.action.MAIN" />
80-->src\main\AndroidManifest.xml:40:17-68
80-->src\main\AndroidManifest.xml:40:25-66
81
82                <category android:name="android.intent.category.DEFAULT" />
82-->src\main\AndroidManifest.xml:72:17-76
82-->src\main\AndroidManifest.xml:72:27-73
83            </intent-filter>
84        </activity>
85
86        <!-- This is for ensuring the background service still runs when/if the app is swiped away -->
87        <activity
87-->src\main\AndroidManifest.xml:77:3-79:29
88            android:name="com.nusantara.id.activities.CustomDNS"
88-->src\main\AndroidManifest.xml:77:13-65
89            android:label="Set DNS"
89-->src\main\AndroidManifest.xml:79:4-27
90            android:parentActivityName="com.nusantara.id.NusantaraActivity" />
90-->src\main\AndroidManifest.xml:78:4-67
91
92        <!-- - Receivers -->
93        <receiver
93-->src\main\AndroidManifest.xml:82:3-93:14
94            android:name="com.nusantara.xyz.NusantaraReceiver"
94-->src\main\AndroidManifest.xml:83:4-54
95            android:exported="false" >
95-->src\main\AndroidManifest.xml:84:13-37
96            <intent-filter>
96-->src\main\AndroidManifest.xml:85:4-92:20
97                <action android:name=".NusantaraReceiver.ACTION_SERVICE_STOP" >
98                </action>
99                <action android:name=".NusantaraReceiver.ACTION_SERVICE_RESTART" >
100                </action>
101            </intent-filter>
102        </receiver>
103
104        <service android:name="com.nusantara.id.activities.InjectorService" />
104-->src\main\AndroidManifest.xml:95:3-72
104-->src\main\AndroidManifest.xml:95:12-70
105        <!-- - Services -->
106        <service
106-->src\main\AndroidManifest.xml:97:3-105:13
107            android:name="com.nusantara.xyz.tunnel.vpn.TunnelVpnService"
107-->src\main\AndroidManifest.xml:98:4-64
108            android:enabled="true"
108-->src\main\AndroidManifest.xml:100:4-26
109            android:exported="false"
109-->src\main\AndroidManifest.xml:99:4-28
110            android:label="@string/app_name"
110-->src\main\AndroidManifest.xml:97:12-44
111            android:permission="android.permission.BIND_VPN_SERVICE" >
111-->src\main\AndroidManifest.xml:101:4-60
112            <intent-filter>
112-->src\main\AndroidManifest.xml:102:4-104:20
113                <action android:name="android.net.VpnService" />
113-->src\main\AndroidManifest.xml:103:5-52
113-->src\main\AndroidManifest.xml:103:13-50
114            </intent-filter>
115        </service>
116        <service
116-->src\main\AndroidManifest.xml:107:3-111:13
117            android:name="com.nusantara.xyz.NusantaraService"
117-->src\main\AndroidManifest.xml:108:4-53
118            android:exported="false"
118-->src\main\AndroidManifest.xml:110:4-28
119            android:label="Nusantara Service"
119-->src\main\AndroidManifest.xml:107:12-45
120            android:stopWithTask="false" >
120-->src\main\AndroidManifest.xml:109:4-32
121        </service>
122
123        <!-- - Meta Data -->
124
125        <meta-data
125-->src\main\AndroidManifest.xml:115:3-116:60
126            android:name="com.google.android.gms.ads.APPLICATION_ID"
126-->src\main\AndroidManifest.xml:115:14-70
127            android:value="ca-app-pub-9870690854198040~5410771051" />
127-->src\main\AndroidManifest.xml:116:4-58
128        <meta-data
128-->src\main\AndroidManifest.xml:117:3-118:27
129            android:name="com.google.android.gms.ads.AD_MANAGER_APP"
129-->src\main\AndroidManifest.xml:117:14-70
130            android:value="true" />
130-->src\main\AndroidManifest.xml:118:4-24
131
132        <!-- corrige bug em Android 9 -->
133        <uses-library
133-->src\main\AndroidManifest.xml:122:3-124:31
134            android:name="org.apache.http.legacy"
134-->src\main\AndroidManifest.xml:123:4-41
135            android:required="false" />
135-->src\main\AndroidManifest.xml:124:4-28
136
137        <activity android:name="egcodes.com.speedtest.MainActivity" />
137-->src\main\AndroidManifest.xml:125:3-64
137-->src\main\AndroidManifest.xml:125:13-62
138        <activity android:name="com.nusantara.id.WebBrowser" />
138-->src\main\AndroidManifest.xml:126:3-57
138-->src\main\AndroidManifest.xml:126:13-55
139        <activity android:name="com.nusantara.id.Ambatukam" />
139-->src\main\AndroidManifest.xml:127:3-56
139-->src\main\AndroidManifest.xml:127:13-54
140        <!-- Include the AdActivity and InAppPurchaseActivity configChanges and themes. -->
141        <activity
141-->[com.google.android.gms:play-services-ads-lite:11.8.0] AndroidManifest.xml:29:9-33:64
142            android:name="com.google.android.gms.ads.AdActivity"
142-->[com.google.android.gms:play-services-ads-lite:11.8.0] AndroidManifest.xml:30:13-65
143            android:configChanges="keyboard|keyboardHidden|orientation|screenLayout|uiMode|screenSize|smallestScreenSize"
143-->[com.google.android.gms:play-services-ads-lite:11.8.0] AndroidManifest.xml:31:13-122
144            android:exported="false"
144-->[com.google.android.gms:play-services-ads-lite:11.8.0] AndroidManifest.xml:32:13-37
145            android:theme="@android:style/Theme.Translucent" />
145-->[com.google.android.gms:play-services-ads-lite:11.8.0] AndroidManifest.xml:33:13-61
146
147        <meta-data
147-->[com.google.android.gms:play-services-basement:11.8.0] AndroidManifest.xml:23:9-25:69
148            android:name="com.google.android.gms.version"
148-->[com.google.android.gms:play-services-basement:11.8.0] AndroidManifest.xml:24:13-58
149            android:value="@integer/google_play_services_version" />
149-->[com.google.android.gms:play-services-basement:11.8.0] AndroidManifest.xml:25:13-66
150
151        <provider
151-->[androidx.emoji2:emoji2:1.0.0] AndroidManifest.xml:26:9-34:20
152            android:name="androidx.startup.InitializationProvider"
152-->[androidx.emoji2:emoji2:1.0.0] AndroidManifest.xml:27:13-67
153            android:authorities="com.nusantara.id.androidx-startup"
153-->[androidx.emoji2:emoji2:1.0.0] AndroidManifest.xml:28:13-68
154            android:exported="false" >
154-->[androidx.emoji2:emoji2:1.0.0] AndroidManifest.xml:29:13-37
155            <meta-data
155-->[androidx.emoji2:emoji2:1.0.0] AndroidManifest.xml:31:13-33:52
156                android:name="androidx.emoji2.text.EmojiCompatInitializer"
156-->[androidx.emoji2:emoji2:1.0.0] AndroidManifest.xml:32:17-75
157                android:value="androidx.startup" />
157-->[androidx.emoji2:emoji2:1.0.0] AndroidManifest.xml:33:17-49
158            <meta-data
158-->[androidx.lifecycle:lifecycle-process:2.4.0] AndroidManifest.xml:31:13-33:52
159                android:name="androidx.lifecycle.ProcessLifecycleInitializer"
159-->[androidx.lifecycle:lifecycle-process:2.4.0] AndroidManifest.xml:32:17-78
160                android:value="androidx.startup" />
160-->[androidx.lifecycle:lifecycle-process:2.4.0] AndroidManifest.xml:33:17-49
161        </provider>
162
163        <uses-library
163-->[androidx.window:window:1.0.0] AndroidManifest.xml:25:9-27:40
164            android:name="androidx.window.extensions"
164-->[androidx.window:window:1.0.0] AndroidManifest.xml:26:13-54
165            android:required="false" />
165-->[androidx.window:window:1.0.0] AndroidManifest.xml:27:13-37
166        <uses-library
166-->[androidx.window:window:1.0.0] AndroidManifest.xml:28:9-30:40
167            android:name="androidx.window.sidecar"
167-->[androidx.window:window:1.0.0] AndroidManifest.xml:29:13-51
168            android:required="false" />
168-->[androidx.window:window:1.0.0] AndroidManifest.xml:30:13-37
169    </application>
170
171</manifest>